ScreenSharing/Android-remote-client-master1/Android-remote-client-master1/touch/build/outputs/logs/manifest-merger-debug-report.txt
-- Merging decision tree log ---
manifest
ADDED from src\main\AndroidManifest.xml:1:1-28:12
INJECTED from src\main\AndroidManifest.xml:1:1-28:12
INJECTED from src\main\AndroidManifest.xml:1:1-28:12
INJECTED from src\main\AndroidManifest.xml:1:1-28:12
INJECTED from src\main\AndroidManifest.xml:1:1-28:12
INJECTED from src\main\AndroidManifest.xml:1:1-28:12
INJECTED from src\main\AndroidManifest.xml:1:1-28:12
	package
		ADDED from src\main\AndroidManifest.xml:2:7-34
		INJECTED from src\main\AndroidManifest.xml
		INJECTED from src\main\AndroidManifest.xml
	android:versionName
		ADDED from src\main\AndroidManifest.xml:3:31-56
		INJECTED from src\main\AndroidManifest.xml
		INJECTED from src\main\AndroidManifest.xml
	xmlns:android
		ADDED from src\main\AndroidManifest.xml:1:11-69
	android:versionCode
		ADDED from src\main\AndroidManifest.xml:3:7-30
		INJECTED from src\main\AndroidManifest.xml
		INJECTED from src\main\AndroidManifest.xml
uses-sdk
ADDED from src\main\AndroidManifest.xml:5:4-71
INJECTED from src\main\AndroidManifest.xml:5:4-71
INJECTED from src\main\AndroidManifest.xml:5:4-71
INJECTED from src\main\AndroidManifest.xml:5:4-71
INJECTED from src\main\AndroidManifest.xml:5:4-71
	android:targetSdkVersion
		ADDED from src\main\AndroidManifest.xml:5:40-68
		INJECTED from src\main\AndroidManifest.xml
		INJECTED from src\main\AndroidManifest.xml
	android:minSdkVersion
		ADDED from src\main\AndroidManifest.xml:5:14-39
		INJECTED from src\main\AndroidManifest.xml
		INJECTED from src\main\AndroidManifest.xml
uses-permission#android.permission.INTERNET
ADDED from src\main\AndroidManifest.xml:6:4-82
	android:name
		ADDED from src\main\AndroidManifest.xml:6:21-63
uses-permission#android.permission.ACCESS_NETWORK_STATE
ADDED from src\main\AndroidManifest.xml:7:4-96
	android:name
		ADDED from src\main\AndroidManifest.xml:7:21-75
application
ADDED from src\main\AndroidManifest.xml:9:4-26:18
	android:label
		ADDED from src\main\AndroidManifest.xml:11:10-42
	android:debuggable
		ADDED from src\main\AndroidManifest.xml:12:58-83
	android:icon
		ADDED from src\main\AndroidManifest.xml:10:7-36
	android:theme
		ADDED from src\main\AndroidManifest.xml:12:10-57
	android:name
		ADDED from src\main\AndroidManifest.xml:9:17-73
activity#org.tayloredapps.remoteclient.Touch
ADDED from src\main\AndroidManifest.xml:14:7-20:18
	android:screenOrientation
		ADDED from src\main\AndroidManifest.xml:15:46-82
	android:label
		ADDED from src\main\AndroidManifest.xml:15:13-45
	android:name
		ADDED from src\main\AndroidManifest.xml:14:17-67
intent-filter#android.intent.action.MAIN+android.intent.category.LAUNCHER
ADDED from src\main\AndroidManifest.xml:16:10-19:26
action#android.intent.action.MAIN
ADDED from src\main\AndroidManifest.xml:17:13-65
	android:name
		ADDED from src\main\AndroidManifest.xml:17:21-62
category#android.intent.category.LAUNCHER
ADDED from src\main\AndroidManifest.xml:18:13-73
	android:name
		ADDED from src\main\AndroidManifest.xml:18:23-70
activity#org.tayloredapps.remoteclient.Controller
ADDED from src\main\AndroidManifest.xml:22:7-24:18
	android:configChanges
		ADDED from src\main\AndroidManifest.xml:23:11-58
	android:name
		ADDED from src\main\AndroidManifest.xml:22:17-72